{"/Users/sauerm1/Code/personal/RetracTable/src/component/index.js": {"path":"/Users/sauerm1/Code/personal/RetracTable/src/component/index.js","statementMap":{"0":{"start":{"line":7,"column":18},"end":{"line":189,"column":1}},"1":{"start":{"line":8,"column":48},"end":{"line":8,"column":60}},"2":{"start":{"line":9,"column":46},"end":{"line":9,"column":58}},"3":{"start":{"line":10,"column":46},"end":{"line":10,"column":58}},"4":{"start":{"line":11,"column":48},"end":{"line":11,"column":60}},"5":{"start":{"line":12,"column":38},"end":{"line":15,"column":6}},"6":{"start":{"line":17,"column":4},"end":{"line":19,"column":15}},"7":{"start":{"line":18,"column":8},"end":{"line":18,"column":59}},"8":{"start":{"line":21,"column":4},"end":{"line":23,"column":25}},"9":{"start":{"line":22,"column":8},"end":{"line":22,"column":41}},"10":{"start":{"line":25,"column":4},"end":{"line":29,"column":40}},"11":{"start":{"line":26,"column":8},"end":{"line":28,"column":10}},"12":{"start":{"line":31,"column":4},"end":{"line":33,"column":11}},"13":{"start":{"line":32,"column":8},"end":{"line":32,"column":55}},"14":{"start":{"line":35,"column":28},"end":{"line":111,"column":5}},"15":{"start":{"line":36,"column":8},"end":{"line":110,"column":9}},"16":{"start":{"line":37,"column":25},"end":{"line":37,"column":55}},"17":{"start":{"line":39,"column":16},"end":{"line":68,"column":22}},"18":{"start":{"line":42,"column":24},"end":{"line":56,"column":25}},"19":{"start":{"line":46,"column":28},"end":{"line":46,"column":74}},"20":{"start":{"line":47,"column":31},"end":{"line":56,"column":25}},"21":{"start":{"line":51,"column":28},"end":{"line":51,"column":72}},"22":{"start":{"line":53,"column":28},"end":{"line":55,"column":30}},"23":{"start":{"line":57,"column":24},"end":{"line":66,"column":26}},"24":{"start":{"line":59,"column":47},"end":{"line":59,"column":76}},"25":{"start":{"line":71,"column":30},"end":{"line":103,"column":14}},"26":{"start":{"line":72,"column":34},"end":{"line":91,"column":18}},"27":{"start":{"line":73,"column":20},"end":{"line":90,"column":26}},"28":{"start":{"line":74,"column":24},"end":{"line":84,"column":26}},"29":{"start":{"line":86,"column":24},"end":{"line":90,"column":26}},"30":{"start":{"line":92,"column":16},"end":{"line":102,"column":18}},"31":{"start":{"line":94,"column":52},"end":{"line":94,"column":67}},"32":{"start":{"line":104,"column":12},"end":{"line":109,"column":14}},"33":{"start":{"line":113,"column":25},"end":{"line":115,"column":5}},"34":{"start":{"line":114,"column":8},"end":{"line":114,"column":49}},"35":{"start":{"line":117,"column":37},"end":{"line":119,"column":5}},"36":{"start":{"line":118,"column":8},"end":{"line":118,"column":45}},"37":{"start":{"line":121,"column":32},"end":{"line":129,"column":5}},"38":{"start":{"line":122,"column":8},"end":{"line":128,"column":9}},"39":{"start":{"line":123,"column":25},"end":{"line":123,"column":55}},"40":{"start":{"line":124,"column":33},"end":{"line":126,"column":14}},"41":{"start":{"line":125,"column":16},"end":{"line":125,"column":71}},"42":{"start":{"line":127,"column":12},"end":{"line":127,"column":32}},"43":{"start":{"line":131,"column":26},"end":{"line":150,"column":5}},"44":{"start":{"line":132,"column":8},"end":{"line":149,"column":10}},"45":{"start":{"line":133,"column":12},"end":{"line":135,"column":13}},"46":{"start":{"line":134,"column":16},"end":{"line":134,"column":25}},"47":{"start":{"line":138,"column":16},"end":{"line":138,"column":74}},"48":{"start":{"line":140,"column":16},"end":{"line":140,"column":74}},"49":{"start":{"line":142,"column":29},"end":{"line":142,"column":30}},"50":{"start":{"line":143,"column":12},"end":{"line":147,"column":13}},"51":{"start":{"line":144,"column":16},"end":{"line":144,"column":31}},"52":{"start":{"line":145,"column":19},"end":{"line":147,"column":13}},"53":{"start":{"line":146,"column":16},"end":{"line":146,"column":32}},"54":{"start":{"line":148,"column":12},"end":{"line":148,"column":67}},"55":{"start":{"line":152,"column":28},"end":{"line":162,"column":5}},"56":{"start":{"line":154,"column":8},"end":{"line":160,"column":9}},"57":{"start":{"line":155,"column":12},"end":{"line":157,"column":41}},"58":{"start":{"line":158,"column":15},"end":{"line":160,"column":9}},"59":{"start":{"line":159,"column":12},"end":{"line":159,"column":33}},"60":{"start":{"line":161,"column":8},"end":{"line":161,"column":27}},"61":{"start":{"line":164,"column":23},"end":{"line":173,"column":5}},"62":{"start":{"line":165,"column":29},"end":{"line":165,"column":66}},"63":{"start":{"line":166,"column":8},"end":{"line":169,"column":11}},"64":{"start":{"line":170,"column":8},"end":{"line":172,"column":10}},"65":{"start":{"line":175,"column":4},"end":{"line":188,"column":6}}},"fnMap":{"0":{"name":"(anonymous_0)","decl":{"start":{"line":7,"column":18},"end":{"line":7,"column":19}},"loc":{"start":{"line":7,"column":71},"end":{"line":189,"column":1}},"line":7},"1":{"name":"(anonymous_1)","decl":{"start":{"line":17,"column":14},"end":{"line":17,"column":15}},"loc":{"start":{"line":17,"column":20},"end":{"line":19,"column":5}},"line":17},"2":{"name":"(anonymous_2)","decl":{"start":{"line":21,"column":14},"end":{"line":21,"column":15}},"loc":{"start":{"line":21,"column":20},"end":{"line":23,"column":5}},"line":21},"3":{"name":"(anonymous_3)","decl":{"start":{"line":25,"column":14},"end":{"line":25,"column":15}},"loc":{"start":{"line":25,"column":20},"end":{"line":29,"column":5}},"line":25},"4":{"name":"(anonymous_4)","decl":{"start":{"line":31,"column":14},"end":{"line":31,"column":15}},"loc":{"start":{"line":31,"column":20},"end":{"line":33,"column":5}},"line":31},"5":{"name":"(anonymous_5)","decl":{"start":{"line":35,"column":28},"end":{"line":35,"column":29}},"loc":{"start":{"line":35,"column":38},"end":{"line":111,"column":5}},"line":35},"6":{"name":"(anonymous_6)","decl":{"start":{"line":40,"column":30},"end":{"line":40,"column":31}},"loc":{"start":{"line":40,"column":49},"end":{"line":67,"column":21}},"line":40},"7":{"name":"(anonymous_7)","decl":{"start":{"line":59,"column":41},"end":{"line":59,"column":42}},"loc":{"start":{"line":59,"column":47},"end":{"line":59,"column":76}},"line":59},"8":{"name":"(anonymous_8)","decl":{"start":{"line":71,"column":39},"end":{"line":71,"column":40}},"loc":{"start":{"line":71,"column":55},"end":{"line":103,"column":13}},"line":71},"9":{"name":"(anonymous_9)","decl":{"start":{"line":72,"column":57},"end":{"line":72,"column":58}},"loc":{"start":{"line":72,"column":75},"end":{"line":91,"column":17}},"line":72},"10":{"name":"(anonymous_10)","decl":{"start":{"line":94,"column":46},"end":{"line":94,"column":47}},"loc":{"start":{"line":94,"column":52},"end":{"line":94,"column":67}},"line":94},"11":{"name":"(anonymous_11)","decl":{"start":{"line":113,"column":25},"end":{"line":113,"column":26}},"loc":{"start":{"line":113,"column":39},"end":{"line":115,"column":5}},"line":113},"12":{"name":"(anonymous_12)","decl":{"start":{"line":117,"column":37},"end":{"line":117,"column":38}},"loc":{"start":{"line":117,"column":48},"end":{"line":119,"column":5}},"line":117},"13":{"name":"(anonymous_13)","decl":{"start":{"line":121,"column":32},"end":{"line":121,"column":33}},"loc":{"start":{"line":121,"column":38},"end":{"line":129,"column":5}},"line":121},"14":{"name":"(anonymous_14)","decl":{"start":{"line":124,"column":42},"end":{"line":124,"column":43}},"loc":{"start":{"line":124,"column":56},"end":{"line":126,"column":13}},"line":124},"15":{"name":"(anonymous_15)","decl":{"start":{"line":131,"column":26},"end":{"line":131,"column":27}},"loc":{"start":{"line":131,"column":42},"end":{"line":150,"column":5}},"line":131},"16":{"name":"(anonymous_16)","decl":{"start":{"line":132,"column":15},"end":{"line":132,"column":16}},"loc":{"start":{"line":132,"column":25},"end":{"line":149,"column":9}},"line":132},"17":{"name":"(anonymous_17)","decl":{"start":{"line":152,"column":28},"end":{"line":152,"column":29}},"loc":{"start":{"line":152,"column":54},"end":{"line":162,"column":5}},"line":152},"18":{"name":"(anonymous_18)","decl":{"start":{"line":164,"column":23},"end":{"line":164,"column":24}},"loc":{"start":{"line":164,"column":49},"end":{"line":173,"column":5}},"line":164}},"branchMap":{"0":{"loc":{"start":{"line":36,"column":8},"end":{"line":110,"column":9}},"type":"if","locations":[{"start":{"line":36,"column":8},"end":{"line":110,"column":9}},{"start":{"line":36,"column":8},"end":{"line":110,"column":9}}],"line":36},"1":{"loc":{"start":{"line":42,"column":24},"end":{"line":56,"column":25}},"type":"if","locations":[{"start":{"line":42,"column":24},"end":{"line":56,"column":25}},{"start":{"line":42,"column":24},"end":{"line":56,"column":25}}],"line":42},"2":{"loc":{"start":{"line":43,"column":28},"end":{"line":44,"column":53}},"type":"binary-expr","locations":[{"start":{"line":43,"column":28},"end":{"line":43,"column":54}},{"start":{"line":44,"column":28},"end":{"line":44,"column":53}}],"line":43},"3":{"loc":{"start":{"line":47,"column":31},"end":{"line":56,"column":25}},"type":"if","locations":[{"start":{"line":47,"column":31},"end":{"line":56,"column":25}},{"start":{"line":47,"column":31},"end":{"line":56,"column":25}}],"line":47},"4":{"loc":{"start":{"line":48,"column":28},"end":{"line":49,"column":54}},"type":"binary-expr","locations":[{"start":{"line":48,"column":28},"end":{"line":48,"column":54}},{"start":{"line":49,"column":28},"end":{"line":49,"column":54}}],"line":48},"5":{"loc":{"start":{"line":73,"column":20},"end":{"line":90,"column":26}},"type":"if","locations":[{"start":{"line":73,"column":20},"end":{"line":90,"column":26}},{"start":{"line":73,"column":20},"end":{"line":90,"column":26}}],"line":73},"6":{"loc":{"start":{"line":94,"column":33},"end":{"line":94,"column":74}},"type":"cond-expr","locations":[{"start":{"line":94,"column":46},"end":{"line":94,"column":67}},{"start":{"line":94,"column":70},"end":{"line":94,"column":74}}],"line":94},"7":{"loc":{"start":{"line":97,"column":28},"end":{"line":97,"column":62}},"type":"cond-expr","locations":[{"start":{"line":97,"column":41},"end":{"line":97,"column":57}},{"start":{"line":97,"column":60},"end":{"line":97,"column":62}}],"line":97},"8":{"loc":{"start":{"line":122,"column":8},"end":{"line":128,"column":9}},"type":"if","locations":[{"start":{"line":122,"column":8},"end":{"line":128,"column":9}},{"start":{"line":122,"column":8},"end":{"line":128,"column":9}}],"line":122},"9":{"loc":{"start":{"line":133,"column":12},"end":{"line":135,"column":13}},"type":"if","locations":[{"start":{"line":133,"column":12},"end":{"line":135,"column":13}},{"start":{"line":133,"column":12},"end":{"line":135,"column":13}}],"line":133},"10":{"loc":{"start":{"line":133,"column":16},"end":{"line":133,"column":64}},"type":"binary-expr","locations":[{"start":{"line":133,"column":16},"end":{"line":133,"column":38}},{"start":{"line":133,"column":42},"end":{"line":133,"column":64}}],"line":133},"11":{"loc":{"start":{"line":138,"column":16},"end":{"line":138,"column":74}},"type":"cond-expr","locations":[{"start":{"line":138,"column":45},"end":{"line":138,"column":65}},{"start":{"line":138,"column":68},"end":{"line":138,"column":74}}],"line":138},"12":{"loc":{"start":{"line":140,"column":16},"end":{"line":140,"column":74}},"type":"cond-expr","locations":[{"start":{"line":140,"column":45},"end":{"line":140,"column":65}},{"start":{"line":140,"column":68},"end":{"line":140,"column":74}}],"line":140},"13":{"loc":{"start":{"line":143,"column":12},"end":{"line":147,"column":13}},"type":"if","locations":[{"start":{"line":143,"column":12},"end":{"line":147,"column":13}},{"start":{"line":143,"column":12},"end":{"line":147,"column":13}}],"line":143},"14":{"loc":{"start":{"line":145,"column":19},"end":{"line":147,"column":13}},"type":"if","locations":[{"start":{"line":145,"column":19},"end":{"line":147,"column":13}},{"start":{"line":145,"column":19},"end":{"line":147,"column":13}}],"line":145},"15":{"loc":{"start":{"line":148,"column":19},"end":{"line":148,"column":66}},"type":"cond-expr","locations":[{"start":{"line":148,"column":38},"end":{"line":148,"column":53}},{"start":{"line":148,"column":56},"end":{"line":148,"column":66}}],"line":148},"16":{"loc":{"start":{"line":154,"column":8},"end":{"line":160,"column":9}},"type":"if","locations":[{"start":{"line":154,"column":8},"end":{"line":160,"column":9}},{"start":{"line":154,"column":8},"end":{"line":160,"column":9}}],"line":154},"17":{"loc":{"start":{"line":155,"column":12},"end":{"line":157,"column":40}},"type":"cond-expr","locations":[{"start":{"line":156,"column":19},"end":{"line":156,"column":40}},{"start":{"line":157,"column":19},"end":{"line":157,"column":39}}],"line":155},"18":{"loc":{"start":{"line":158,"column":15},"end":{"line":160,"column":9}},"type":"if","locations":[{"start":{"line":158,"column":15},"end":{"line":160,"column":9}},{"start":{"line":158,"column":15},"end":{"line":160,"column":9}}],"line":158},"19":{"loc":{"start":{"line":158,"column":19},"end":{"line":158,"column":76}},"type":"binary-expr","locations":[{"start":{"line":158,"column":19},"end":{"line":158,"column":43}},{"start":{"line":158,"column":47},"end":{"line":158,"column":76}}],"line":158},"20":{"loc":{"start":{"line":177,"column":13},"end":{"line":184,"column":13}},"type":"cond-expr","locations":[{"start":{"line":177,"column":29},"end":{"line":177,"column":33}},{"start":{"line":178,"column":16},"end":{"line":183,"column":18}}],"line":177}},"s":{"0":1,"1":0,"2":0,"3":0,"4":0,"5":0,"6":0,"7":0,"8":0,"9":0,"10":0,"11":0,"12":0,"13":0,"14":0,"15":0,"16":0,"17":0,"18":0,"19":0,"20":0,"21":0,"22":0,"23":0,"24":0,"25":0,"26":0,"27":0,"28":0,"29":0,"30":0,"31":0,"32":0,"33":0,"34":0,"35":0,"36":0,"37":0,"38":0,"39":0,"40":0,"41":0,"42":0,"43":0,"44":0,"45":0,"46":0,"47":0,"48":0,"49":0,"50":0,"51":0,"52":0,"53":0,"54":0,"55":0,"56":0,"57":0,"58":0,"59":0,"60":0,"61":0,"62":0,"63":0,"64":0,"65":0},"f":{"0":0,"1":0,"2":0,"3":0,"4":0,"5":0,"6":0,"7":0,"8":0,"9":0,"10":0,"11":0,"12":0,"13":0,"14":0,"15":0,"16":0,"17":0,"18":0},"b":{"0":[0,0],"1":[0,0],"2":[0,0],"3":[0,0],"4":[0,0],"5":[0,0],"6":[0,0],"7":[0,0],"8":[0,0],"9":[0,0],"10":[0,0],"11":[0,0],"12":[0,0],"13":[0,0],"14":[0,0],"15":[0,0],"16":[0,0],"17":[0,0],"18":[0,0],"19":[0,0],"20":[0,0]},"_coverageSchema":"1a1c01bbd47fc00a2c39e90264f33305004495a9","hash":"9b82f03bc1b25e882f08ddcf2a87160dfec3d8b3"}
,"/Users/sauerm1/Code/personal/RetracTable/src/component/Search/Search.js": {"path":"/Users/sauerm1/Code/personal/RetracTable/src/component/Search/Search.js","statementMap":{"0":{"start":{"line":3,"column":15},"end":{"line":24,"column":1}},"1":{"start":{"line":9,"column":4},"end":{"line":23,"column":6}},"2":{"start":{"line":19,"column":33},"end":{"line":19,"column":48}}},"fnMap":{"0":{"name":"(anonymous_0)","decl":{"start":{"line":3,"column":15},"end":{"line":3,"column":16}},"loc":{"start":{"line":8,"column":6},"end":{"line":24,"column":1}},"line":8},"1":{"name":"(anonymous_1)","decl":{"start":{"line":19,"column":26},"end":{"line":19,"column":27}},"loc":{"start":{"line":19,"column":33},"end":{"line":19,"column":48}},"line":19}},"branchMap":{},"s":{"0":1,"1":0,"2":0},"f":{"0":0,"1":0},"b":{},"_coverageSchema":"1a1c01bbd47fc00a2c39e90264f33305004495a9","hash":"0309e4a0feebeec0be9237e36a3e006154e6ad24"}
,"/Users/sauerm1/Code/personal/RetracTable/src/component/utils/capitalizeFirstLetter.js": {"path":"/Users/sauerm1/Code/personal/RetracTable/src/component/utils/capitalizeFirstLetter.js","statementMap":{"0":{"start":{"line":1,"column":30},"end":{"line":3,"column":1}},"1":{"start":{"line":2,"column":4},"end":{"line":2,"column":60}}},"fnMap":{"0":{"name":"(anonymous_0)","decl":{"start":{"line":1,"column":30},"end":{"line":1,"column":31}},"loc":{"start":{"line":1,"column":42},"end":{"line":3,"column":1}},"line":1}},"branchMap":{},"s":{"0":3,"1":1},"f":{"0":1},"b":{},"_coverageSchema":"1a1c01bbd47fc00a2c39e90264f33305004495a9","hash":"06e5158c42fb38d769a3de1379f42a09354dc7df"}
,"/Users/sauerm1/Code/personal/RetracTable/src/component/utils/normalizeData.js": {"path":"/Users/sauerm1/Code/personal/RetracTable/src/component/utils/normalizeData.js","statementMap":{"0":{"start":{"line":3,"column":22},"end":{"line":26,"column":1}},"1":{"start":{"line":4,"column":15},"end":{"line":4,"column":17}},"2":{"start":{"line":5,"column":4},"end":{"line":11,"column":5}},"3":{"start":{"line":6,"column":8},"end":{"line":10,"column":11}},"4":{"start":{"line":7,"column":12},"end":{"line":9,"column":13}},"5":{"start":{"line":8,"column":16},"end":{"line":8,"column":29}},"6":{"start":{"line":12,"column":27},"end":{"line":24,"column":6}},"7":{"start":{"line":13,"column":18},"end":{"line":13,"column":20}},"8":{"start":{"line":14,"column":8},"end":{"line":22,"column":11}},"9":{"start":{"line":16,"column":12},"end":{"line":20,"column":13}},"10":{"start":{"line":17,"column":16},"end":{"line":17,"column":28}},"11":{"start":{"line":19,"column":16},"end":{"line":19,"column":26}},"12":{"start":{"line":21,"column":12},"end":{"line":21,"column":66}},"13":{"start":{"line":23,"column":8},"end":{"line":23,"column":19}},"14":{"start":{"line":25,"column":4},"end":{"line":25,"column":26}}},"fnMap":{"0":{"name":"(anonymous_0)","decl":{"start":{"line":3,"column":22},"end":{"line":3,"column":23}},"loc":{"start":{"line":3,"column":44},"end":{"line":26,"column":1}},"line":3},"1":{"name":"(anonymous_1)","decl":{"start":{"line":6,"column":37},"end":{"line":6,"column":38}},"loc":{"start":{"line":6,"column":44},"end":{"line":10,"column":9}},"line":6},"2":{"name":"(anonymous_2)","decl":{"start":{"line":12,"column":36},"end":{"line":12,"column":37}},"loc":{"start":{"line":12,"column":43},"end":{"line":24,"column":5}},"line":12},"3":{"name":"(anonymous_3)","decl":{"start":{"line":14,"column":21},"end":{"line":14,"column":22}},"loc":{"start":{"line":14,"column":28},"end":{"line":22,"column":9}},"line":14}},"branchMap":{"0":{"loc":{"start":{"line":7,"column":12},"end":{"line":9,"column":13}},"type":"if","locations":[{"start":{"line":7,"column":12},"end":{"line":9,"column":13}},{"start":{"line":7,"column":12},"end":{"line":9,"column":13}}],"line":7},"1":{"loc":{"start":{"line":16,"column":12},"end":{"line":20,"column":13}},"type":"if","locations":[{"start":{"line":16,"column":12},"end":{"line":20,"column":13}},{"start":{"line":16,"column":12},"end":{"line":20,"column":13}}],"line":16},"2":{"loc":{"start":{"line":16,"column":16},"end":{"line":16,"column":51}},"type":"binary-expr","locations":[{"start":{"line":16,"column":16},"end":{"line":16,"column":34}},{"start":{"line":16,"column":38},"end":{"line":16,"column":51}}],"line":16},"3":{"loc":{"start":{"line":21,"column":16},"end":{"line":21,"column":57}},"type":"cond-expr","locations":[{"start":{"line":21,"column":29},"end":{"line":21,"column":53}},{"start":{"line":21,"column":56},"end":{"line":21,"column":57}}],"line":21}},"s":{"0":2,"1":1,"2":1,"3":2,"4":6,"5":4,"6":1,"7":2,"8":2,"9":8,"10":6,"11":2,"12":8,"13":2,"14":1},"f":{"0":1,"1":6,"2":2,"3":8},"b":{"0":[4,2],"1":[6,2],"2":[8,6],"3":[0,8]},"_coverageSchema":"1a1c01bbd47fc00a2c39e90264f33305004495a9","hash":"8563fa46bbf1bca3d6a1db9f94d3712246e63f0a"}
,"/Users/sauerm1/Code/personal/RetracTable/src/component/utils/searchData.js": {"path":"/Users/sauerm1/Code/personal/RetracTable/src/component/utils/searchData.js","statementMap":{"0":{"start":{"line":1,"column":19},"end":{"line":33,"column":1}},"1":{"start":{"line":2,"column":18},"end":{"line":2,"column":20}},"2":{"start":{"line":3,"column":25},"end":{"line":3,"column":54}},"3":{"start":{"line":4,"column":4},"end":{"line":31,"column":5}},"4":{"start":{"line":4,"column":19},"end":{"line":4,"column":20}},"5":{"start":{"line":5,"column":20},"end":{"line":5,"column":25}},"6":{"start":{"line":6,"column":8},"end":{"line":30,"column":9}},"7":{"start":{"line":7,"column":12},"end":{"line":18,"column":13}},"8":{"start":{"line":8,"column":16},"end":{"line":17,"column":17}},"9":{"start":{"line":15,"column":20},"end":{"line":15,"column":33}},"10":{"start":{"line":16,"column":20},"end":{"line":16,"column":54}},"11":{"start":{"line":20,"column":12},"end":{"line":29,"column":13}},"12":{"start":{"line":27,"column":16},"end":{"line":27,"column":29}},"13":{"start":{"line":28,"column":16},"end":{"line":28,"column":50}},"14":{"start":{"line":32,"column":4},"end":{"line":32,"column":19}}},"fnMap":{"0":{"name":"(anonymous_0)","decl":{"start":{"line":1,"column":19},"end":{"line":1,"column":20}},"loc":{"start":{"line":1,"column":70},"end":{"line":33,"column":1}},"line":1}},"branchMap":{"0":{"loc":{"start":{"line":6,"column":8},"end":{"line":30,"column":9}},"type":"if","locations":[{"start":{"line":6,"column":8},"end":{"line":30,"column":9}},{"start":{"line":6,"column":8},"end":{"line":30,"column":9}}],"line":6},"1":{"loc":{"start":{"line":8,"column":16},"end":{"line":17,"column":17}},"type":"if","locations":[{"start":{"line":8,"column":16},"end":{"line":17,"column":17}},{"start":{"line":8,"column":16},"end":{"line":17,"column":17}}],"line":8},"2":{"loc":{"start":{"line":9,"column":20},"end":{"line":13,"column":47}},"type":"binary-expr","locations":[{"start":{"line":9,"column":20},"end":{"line":9,"column":26}},{"start":{"line":10,"column":20},"end":{"line":13,"column":47}}],"line":9},"3":{"loc":{"start":{"line":20,"column":12},"end":{"line":29,"column":13}},"type":"if","locations":[{"start":{"line":20,"column":12},"end":{"line":29,"column":13}},{"start":{"line":20,"column":12},"end":{"line":29,"column":13}}],"line":20},"4":{"loc":{"start":{"line":21,"column":16},"end":{"line":25,"column":43}},"type":"binary-expr","locations":[{"start":{"line":21,"column":16},"end":{"line":21,"column":22}},{"start":{"line":22,"column":16},"end":{"line":25,"column":43}}],"line":21}},"s":{"0":2,"1":2,"2":2,"3":2,"4":2,"5":10,"6":10,"7":5,"8":20,"9":3,"10":3,"11":5,"12":3,"13":3,"14":2},"f":{"0":2},"b":{"0":[5,5],"1":[3,17],"2":[20,17],"3":[3,2],"4":[5,5]},"_coverageSchema":"1a1c01bbd47fc00a2c39e90264f33305004495a9","hash":"7bd5256ad5250da3f3e9f46d403111b67ff8efba"}
,"/Users/sauerm1/Code/personal/RetracTable/src/component/utils/sort.js": {"path":"/Users/sauerm1/Code/personal/RetracTable/src/component/utils/sort.js","statementMap":{"0":{"start":{"line":1,"column":29},"end":{"line":20,"column":1}},"1":{"start":{"line":2,"column":4},"end":{"line":19,"column":6}},"2":{"start":{"line":3,"column":8},"end":{"line":5,"column":9}},"3":{"start":{"line":4,"column":12},"end":{"line":4,"column":21}},"4":{"start":{"line":8,"column":12},"end":{"line":8,"column":70}},"5":{"start":{"line":10,"column":12},"end":{"line":10,"column":70}},"6":{"start":{"line":12,"column":25},"end":{"line":12,"column":26}},"7":{"start":{"line":13,"column":8},"end":{"line":17,"column":9}},"8":{"start":{"line":14,"column":12},"end":{"line":14,"column":27}},"9":{"start":{"line":15,"column":15},"end":{"line":17,"column":9}},"10":{"start":{"line":16,"column":12},"end":{"line":16,"column":28}},"11":{"start":{"line":18,"column":8},"end":{"line":18,"column":63}},"12":{"start":{"line":22,"column":19},"end":{"line":43,"column":1}},"13":{"start":{"line":24,"column":4},"end":{"line":37,"column":5}},"14":{"start":{"line":25,"column":8},"end":{"line":34,"column":9}},"15":{"start":{"line":27,"column":16},"end":{"line":27,"column":34}},"16":{"start":{"line":28,"column":16},"end":{"line":28,"column":22}},"17":{"start":{"line":30,"column":16},"end":{"line":30,"column":33}},"18":{"start":{"line":31,"column":16},"end":{"line":31,"column":22}},"19":{"start":{"line":33,"column":16},"end":{"line":33,"column":33}},"20":{"start":{"line":35,"column":11},"end":{"line":37,"column":5}},"21":{"start":{"line":36,"column":8},"end":{"line":36,"column":25}},"22":{"start":{"line":38,"column":4},"end":{"line":41,"column":7}},"23":{"start":{"line":42,"column":4},"end":{"line":42,"column":76}}},"fnMap":{"0":{"name":"(anonymous_0)","decl":{"start":{"line":1,"column":29},"end":{"line":1,"column":30}},"loc":{"start":{"line":1,"column":53},"end":{"line":20,"column":1}},"line":1},"1":{"name":"(anonymous_1)","decl":{"start":{"line":2,"column":11},"end":{"line":2,"column":12}},"loc":{"start":{"line":2,"column":21},"end":{"line":19,"column":5}},"line":2},"2":{"name":"(anonymous_2)","decl":{"start":{"line":22,"column":19},"end":{"line":22,"column":20}},"loc":{"start":{"line":22,"column":44},"end":{"line":43,"column":1}},"line":22}},"branchMap":{"0":{"loc":{"start":{"line":1,"column":35},"end":{"line":1,"column":48}},"type":"default-arg","locations":[{"start":{"line":1,"column":43},"end":{"line":1,"column":48}}],"line":1},"1":{"loc":{"start":{"line":3,"column":8},"end":{"line":5,"column":9}},"type":"if","locations":[{"start":{"line":3,"column":8},"end":{"line":5,"column":9}},{"start":{"line":3,"column":8},"end":{"line":5,"column":9}}],"line":3},"2":{"loc":{"start":{"line":3,"column":12},"end":{"line":3,"column":60}},"type":"binary-expr","locations":[{"start":{"line":3,"column":12},"end":{"line":3,"column":34}},{"start":{"line":3,"column":38},"end":{"line":3,"column":60}}],"line":3},"3":{"loc":{"start":{"line":8,"column":12},"end":{"line":8,"column":70}},"type":"cond-expr","locations":[{"start":{"line":8,"column":41},"end":{"line":8,"column":61}},{"start":{"line":8,"column":64},"end":{"line":8,"column":70}}],"line":8},"4":{"loc":{"start":{"line":10,"column":12},"end":{"line":10,"column":70}},"type":"cond-expr","locations":[{"start":{"line":10,"column":41},"end":{"line":10,"column":61}},{"start":{"line":10,"column":64},"end":{"line":10,"column":70}}],"line":10},"5":{"loc":{"start":{"line":13,"column":8},"end":{"line":17,"column":9}},"type":"if","locations":[{"start":{"line":13,"column":8},"end":{"line":17,"column":9}},{"start":{"line":13,"column":8},"end":{"line":17,"column":9}}],"line":13},"6":{"loc":{"start":{"line":15,"column":15},"end":{"line":17,"column":9}},"type":"if","locations":[{"start":{"line":15,"column":15},"end":{"line":17,"column":9}},{"start":{"line":15,"column":15},"end":{"line":17,"column":9}}],"line":15},"7":{"loc":{"start":{"line":18,"column":15},"end":{"line":18,"column":62}},"type":"cond-expr","locations":[{"start":{"line":18,"column":34},"end":{"line":18,"column":49}},{"start":{"line":18,"column":52},"end":{"line":18,"column":62}}],"line":18},"8":{"loc":{"start":{"line":24,"column":4},"end":{"line":37,"column":5}},"type":"if","locations":[{"start":{"line":24,"column":4},"end":{"line":37,"column":5}},{"start":{"line":24,"column":4},"end":{"line":37,"column":5}}],"line":24},"9":{"loc":{"start":{"line":25,"column":8},"end":{"line":34,"column":9}},"type":"switch","locations":[{"start":{"line":26,"column":12},"end":{"line":28,"column":22}},{"start":{"line":29,"column":12},"end":{"line":31,"column":22}},{"start":{"line":32,"column":12},"end":{"line":33,"column":33}}],"line":25},"10":{"loc":{"start":{"line":35,"column":11},"end":{"line":37,"column":5}},"type":"if","locations":[{"start":{"line":35,"column":11},"end":{"line":37,"column":5}},{"start":{"line":35,"column":11},"end":{"line":37,"column":5}}],"line":35},"11":{"loc":{"start":{"line":35,"column":15},"end":{"line":35,"column":71}},"type":"binary-expr","locations":[{"start":{"line":35,"column":15},"end":{"line":35,"column":39}},{"start":{"line":35,"column":43},"end":{"line":35,"column":71}}],"line":35}},"s":{"0":0,"1":0,"2":0,"3":0,"4":0,"5":0,"6":0,"7":0,"8":0,"9":0,"10":0,"11":0,"12":0,"13":0,"14":0,"15":0,"16":0,"17":0,"18":0,"19":0,"20":0,"21":0,"22":0,"23":0},"f":{"0":0,"1":0,"2":0},"b":{"0":[0],"1":[0,0],"2":[0,0],"3":[0,0],"4":[0,0],"5":[0,0],"6":[0,0],"7":[0,0],"8":[0,0],"9":[0,0,0],"10":[0,0],"11":[0,0]}}
}
